1621171788729	geckodriver	INFO	Listening on 127.0.0.1:50583
1621171791817	mozrunner::runner	INFO	Running command: "C:\\Program Files\\Mozilla Firefox\\firefox.exe" "--marionette" "-foreground" "-no-remote" "-profile" "C:\\Users\\fatih\\AppData\\Local\\Temp\\rust_mozprofileyH4KYs"
1621171792124	Marionette	INFO	Marionette enabled
console.warn: SearchSettings: "get: No settings file exists, new profile?" (new Error("", "(unknown module)"))
1621171793507	Marionette	INFO	Listening on port 50591
1621171793871	Marionette	WARN	TLS certificate errors will be ignored for this session
1621171862651	Marionette	INFO	Stopped listening on port 50591621171863387	mozrunner::runner	INFO	Running command: "C:\\Program Files\\Mozilla Firefox\\firefox.exe" "--marionette" "-foreground" "-no-remote" "-profile" "C:\\Users\\fatih\\AppData\\Local\\Temp\\rust_mozprofilesT2dp3"
1621171863698	Marionette	INFO	Marionette enabled
console.warn: SearchSettings: "get: No settings file exists, new profile?" (new Error("", "(unknown module)"))
1621171865142	Marionette	INFO	Listening on port 50678
1621171865449	Marionette	WARN	TLS certificate errors will be ignored for this session
1621171894868	Marionette	INFO	Stopped listening on port 50678
IPDL protocol error: Handler returned error code!

###!!! [Parent][DispatchAsyncMessage] Error: PLayerTransaction::Msg_ReleaseLayer Processing error: message was deserialized, but the handler returned false (indicating failure)

IPDL protocol error: Handler returned error code!

###!!! [Parent][DispatchAsyncMessage] Error: PLayerTransaction::Msg_ReleaseLayer Processing error: message was deserialized, but the handler returned false (indicating failure)

IPDL protocol error: Handler returned error code!

###!!! [Parent][DispatchAsyncMessage] Error: PLayerTransaction::Msg_ReleaseLayer Processing error: message was deserialized, but the handler returned false (indicating failure)

IPDL protocol error: Handler returned error code!

###!!! [Parent][DispatchAsyncMessage] Error: PLayerTransaction::Msg_ReleaseLayer Processing error: message was deserialized, but the handler returned false (indicating failure)


###!!! [Child][RunMessage] Error: Channel closing: too late to send/recv, messages will be lost

